# JRE version: OpenJDK Runtime Environment Temurin-21.0.8+9 (21.0.8+9) (build 21.0.8+9-LTS)
# Java VM: OpenJDK 64-Bit Server VM Temurin-21.0.8+9 (21.0.8+9-LTS, mixed mode, emulated-client, sharing, tiered, compressed oops, compressed class ptrs, g1 gc, windows-amd64)
GC Precious Log:
 CardTable entry size: 512
 Card Set container configuration: InlinePtr #cards 4 size 8 Array Of Cards #cards 16 size 48 Howl #buckets 8 coarsen threshold 3686 Howl Bitmap #cards 512 size 80 coarsen threshold 460 Card regions per heap region 1 cards per card region 4096
 CPUs: 8 total, 8 available
 Memory: 16101M
 Large Page Support: Disabled
 NUMA Support: Disabled
 Compressed Oops: Enabled (Zero based)
 Heap Region Size: 2M
 Heap Min Capacity: 8M
 Heap Initial Capacity: 252M
 Heap Max Capacity: 4026M
 Pre-touch: Disabled
 Parallel Workers: 8
 Concurrent Workers: 2
 Concurrent Refinement Workers: 8
 Periodic GC: Disabled
Heap:
 garbage-first heap   total 102400K, used 83939K [0x0000000704600000, 0x0000000800000000)
  region size 2048K, 29 young (59392K), 3 survivors (6144K)
 Metaspace       used 87652K, committed 88576K, reserved 1179648K
  class space    used 12358K, committed 12800K, reserved 1048576K
GC Heap History (20 events):
Event: 5230.961 GC heap after
{Heap after GC invocations=67 (full 11):
 garbage-first heap   total 102400K, used 36851K [0x0000000704600000, 0x0000000800000000)
  region size 2048K, 2 young (4096K), 2 survivors (4096K)
 Metaspace       used 86326K, committed 87296K, reserved 1179648K
  class space    used 12289K, committed 12736K, reserved 1048576K
}
Event: 5330.439 GC heap before
{Heap before GC invocations=68 (full 11):
 garbage-first heap   total 102400K, used 47091K [0x0000000704600000, 0x0000000800000000)
  region size 2048K, 8 young (16384K), 2 survivors (4096K)
 Metaspace       used 86221K, committed 87296K, reserved 1179648K
  class space    used 12245K, committed 12736K, reserved 1048576K
}
Event: 5330.487 GC heap after
{Heap after GC invocations=69 (full 12):
 garbage-first heap   total 102400K, used 29260K [0x0000000704600000, 0x0000000800000000)
  region size 2048K, 0 young (0K), 0 survivors (0K)
 Metaspace       used 86184K, committed 87296K, reserved 1179648K
  class space    used 12236K, committed 12736K, reserved 1048576K
}
Event: 5331.190 GC heap before
{Heap before GC invocations=69 (full 12):
 garbage-first heap   total 102400K, used 84556K [0x0000000704600000, 0x0000000800000000)
  region size 2048K, 28 young (57344K), 0 survivors (0K)
 Metaspace       used 86630K, committed 87552K, reserved 1179648K
  class space    used 12305K, committed 12736K, reserved 1048576K
}
Event: 5331.195 GC heap after
{Heap after GC invocations=70 (full 12):
 garbage-first heap   total 102400K, used 36079K [0x0000000704600000, 0x0000000800000000)
  region size 2048K, 4 young (8192K), 4 survivors (8192K)
 Metaspace       used 86630K, committed 87552K, reserved 1179648K
  class space    used 12305K, committed 12736K, reserved 1048576K
}
Event: 5550.993 GC heap before
{Heap before GC invocations=71 (full 12):
 garbage-first heap   total 102400K, used 72943K [0x0000000704600000, 0x0000000800000000)
  region size 2048K, 23 young (47104K), 4 survivors (8192K)
 Metaspace       used 86756K, committed 87680K, reserved 1179648K
  class space    used 12325K, committed 12736K, reserved 1048576K
}
Event: 5551.051 GC heap after
{Heap after GC invocations=72 (full 13):
 garbage-first heap   total 102400K, used 32364K [0x0000000704600000, 0x0000000800000000)
  region size 2048K, 0 young (0K), 0 survivors (0K)
 Metaspace       used 86628K, committed 87680K, reserved 1179648K
  class space    used 12296K, committed 12736K, reserved 1048576K
}
Event: 5551.713 GC heap before
{Heap before GC invocations=72 (full 13):
 garbage-first heap   total 102400K, used 83564K [0x0000000704600000, 0x0000000800000000)
  region size 2048K, 26 young (53248K), 0 survivors (0K)
 Metaspace       used 86887K, committed 87872K, reserved 1179648K
  class space    used 12316K, committed 12800K, reserved 1048576K
}
Event: 5551.716 GC heap after
{Heap after GC invocations=73 (full 13):
 garbage-first heap   total 102400K, used 37539K [0x0000000704600000, 0x0000000800000000)
  region size 2048K, 3 young (6144K), 3 survivors (6144K)
 Metaspace       used 86887K, committed 87872K, reserved 1179648K
  class space    used 12316K, committed 12800K, reserved 1048576K
}
Event: 5591.305 GC heap before
{Heap before GC invocations=74 (full 13):
 garbage-first heap   total 102400K, used 49827K [0x0000000704600000, 0x0000000800000000)
  region size 2048K, 10 young (20480K), 3 survivors (6144K)
 Metaspace       used 86987K, committed 87936K, reserved 1179648K
  class space    used 12329K, committed 12800K, reserved 1048576K
}
Event: 5591.356 GC heap after
{Heap after GC invocations=75 (full 14):
 garbage-first heap   total 102400K, used 30368K [0x0000000704600000, 0x0000000800000000)
  region size 2048K, 0 young (0K), 0 survivors (0K)
 Metaspace       used 86799K, committed 87936K, reserved 1179648K
  class space    used 12286K, committed 12800K, reserved 1048576K
}
Event: 5591.977 GC heap before
{Heap before GC invocations=75 (full 14):
 garbage-first heap   total 102400K, used 81568K [0x0000000704600000, 0x0000000800000000)
  region size 2048K, 26 young (53248K), 0 survivors (0K)
 Metaspace       used 87068K, committed 88128K, reserved 1179648K
  class space    used 12309K, committed 12800K, reserved 1048576K
}
Event: 5591.980 GC heap after
{Heap after GC invocations=76 (full 14):
 garbage-first heap   total 102400K, used 35536K [0x0000000704600000, 0x0000000800000000)
  region size 2048K, 3 young (6144K), 3 survivors (6144K)
 Metaspace       used 87068K, committed 88128K, reserved 1179648K
  class space    used 12309K, committed 12800K, reserved 1048576K
}
Event: 5825.432 GC heap before
{Heap before GC invocations=77 (full 14):
 garbage-first heap   total 102400K, used 74448K [0x0000000704600000, 0x0000000800000000)
  region size 2048K, 23 young (47104K), 3 survivors (6144K)
 Metaspace       used 87191K, committed 88128K, reserved 1179648K
  class space    used 12331K, committed 12800K, reserved 1048576K
}
Event: 5825.481 GC heap after
{Heap after GC invocations=78 (full 15):
 garbage-first heap   total 102400K, used 32800K [0x0000000704600000, 0x0000000800000000)
  region size 2048K, 0 young (0K), 0 survivors (0K)
 Metaspace       used 87185K, committed 88128K, reserved 1179648K
  class space    used 12330K, committed 12800K, reserved 1048576K
}
Event: 5826.102 GC heap before
{Heap before GC invocations=78 (full 15):
 garbage-first heap   total 102400K, used 84000K [0x0000000704600000, 0x0000000800000000)
  region size 2048K, 26 young (53248K), 0 survivors (0K)
 Metaspace       used 87451K, committed 88384K, reserved 1179648K
  class space    used 12353K, committed 12800K, reserved 1048576K
}
Event: 5826.105 GC heap after
{Heap after GC invocations=79 (full 15):
 garbage-first heap   total 102400K, used 37818K [0x0000000704600000, 0x0000000800000000)
  region size 2048K, 3 young (6144K), 3 survivors (6144K)
 Metaspace       used 87451K, committed 88384K, reserved 1179648K
  class space    used 12353K, committed 12800K, reserved 1048576K
}
Event: 5854.372 GC heap before
{Heap before GC invocations=80 (full 15):
 garbage-first heap   total 102400K, used 50106K [0x0000000704600000, 0x0000000800000000)
  region size 2048K, 10 young (20480K), 3 survivors (6144K)
 Metaspace       used 87482K, committed 88448K, reserved 1179648K
  class space    used 12353K, committed 12800K, reserved 1048576K
}
Event: 5854.426 GC heap after
{Heap after GC invocations=81 (full 16):
 garbage-first heap   total 102400K, used 30691K [0x0000000704600000, 0x0000000800000000)
  region size 2048K, 0 young (0K), 0 survivors (0K)
 Metaspace       used 87419K, committed 88448K, reserved 1179648K
  class space    used 12340K, committed 12800K, reserved 1048576K
}
Event: 5904.143 GC heap before
{Heap before GC invocations=81 (full 16):
 garbage-first heap   total 102400K, used 81891K [0x0000000704600000, 0x0000000800000000)
  region size 2048K, 26 young (53248K), 0 survivors (0K)
 Metaspace       used 87652K, committed 88576K, reserved 1179648K
  class space    used 12358K, committed 12800K, reserved 1048576K
}

