# JRE version: OpenJDK Runtime Environment Temurin-21.0.8+9 (21.0.8+9) (build 21.0.8+9-LTS)
# Java VM: OpenJDK 64-Bit Server VM Temurin-21.0.8+9 (21.0.8+9-LTS, mixed mode, emulated-client, sharing, tiered, compressed oops, compressed class ptrs, g1 gc, windows-amd64)
GC Precious Log:
 CardTable entry size: 512
 Card Set container configuration: InlinePtr #cards 4 size 8 Array Of Cards #cards 16 size 48 Howl #buckets 8 coarsen threshold 3686 Howl Bitmap #cards 512 size 80 coarsen threshold 460 Card regions per heap region 1 cards per card region 4096
 CPUs: 8 total, 8 available
 Memory: 16101M
 Large Page Support: Disabled
 NUMA Support: Disabled
 Compressed Oops: Enabled (Zero based)
 Heap Region Size: 2M
 Heap Min Capacity: 8M
 Heap Initial Capacity: 252M
 Heap Max Capacity: 4026M
 Pre-touch: Disabled
 Parallel Workers: 8
 Concurrent Workers: 2
 Concurrent Refinement Workers: 8
 Periodic GC: Disabled
Heap:
 garbage-first heap   total 122880K, used 96720K [0x0000000704600000, 0x0000000800000000)
  region size 2048K, 31 young (63488K), 0 survivors (0K)
 Metaspace       used 76744K, committed 78144K, reserved 1179648K
  class space    used 10615K, committed 11200K, reserved 1048576K
GC Heap History (20 events):
Event: 5953.120 GC heap after
{Heap after GC invocations=97 (full 19):
 garbage-first heap   total 92160K, used 56877K [0x0000000704600000, 0x0000000800000000)
  region size 2048K, 2 young (4096K), 2 survivors (4096K)
 Metaspace       used 76108K, committed 77248K, reserved 1179648K
  class space    used 10587K, committed 11072K, reserved 1048576K
}
Event: 5996.808 GC heap before
{Heap before GC invocations=98 (full 19):
 garbage-first heap   total 96256K, used 79405K [0x0000000704600000, 0x0000000800000000)
  region size 2048K, 14 young (28672K), 2 survivors (4096K)
 Metaspace       used 76142K, committed 77312K, reserved 1179648K
  class space    used 10571K, committed 11072K, reserved 1048576K
}
Event: 5996.811 GC heap after
{Heap after GC invocations=99 (full 19):
 garbage-first heap   total 96256K, used 57528K [0x0000000704600000, 0x0000000800000000)
  region size 2048K, 1 young (2048K), 1 survivors (2048K)
 Metaspace       used 76142K, committed 77312K, reserved 1179648K
  class space    used 10571K, committed 11072K, reserved 1048576K
}
Event: 5997.164 GC heap before
{Heap before GC invocations=99 (full 19):
 garbage-first heap   total 96256K, used 84152K [0x0000000704600000, 0x0000000800000000)
  region size 2048K, 15 young (30720K), 1 survivors (2048K)
 Metaspace       used 76152K, committed 77312K, reserved 1179648K
  class space    used 10573K, committed 11072K, reserved 1048576K
}
Event: 5997.168 GC heap after
{Heap after GC invocations=100 (full 19):
 garbage-first heap   total 96256K, used 58417K [0x0000000704600000, 0x0000000800000000)
  region size 2048K, 2 young (4096K), 2 survivors (4096K)
 Metaspace       used 76152K, committed 77312K, reserved 1179648K
  class space    used 10573K, committed 11072K, reserved 1048576K
}
Event: 6086.059 GC heap before
{Heap before GC invocations=100 (full 19):
 garbage-first heap   total 96256K, used 82993K [0x0000000704600000, 0x0000000800000000)
  region size 2048K, 15 young (30720K), 2 survivors (4096K)
 Metaspace       used 76268K, committed 77440K, reserved 1179648K
  class space    used 10580K, committed 11072K, reserved 1048576K
}
Event: 6086.065 GC heap after
{Heap after GC invocations=101 (full 19):
 garbage-first heap   total 96256K, used 58522K [0x0000000704600000, 0x0000000800000000)
  region size 2048K, 1 young (2048K), 1 survivors (2048K)
 Metaspace       used 76268K, committed 77440K, reserved 1179648K
  class space    used 10580K, committed 11072K, reserved 1048576K
}
Event: 6149.738 GC heap before
{Heap before GC invocations=102 (full 19):
 garbage-first heap   total 102400K, used 83098K [0x0000000704600000, 0x0000000800000000)
  region size 2048K, 14 young (28672K), 1 survivors (2048K)
 Metaspace       used 76267K, committed 77440K, reserved 1179648K
  class space    used 10580K, committed 11072K, reserved 1048576K
}
Event: 6149.741 GC heap after
{Heap after GC invocations=103 (full 19):
 garbage-first heap   total 102400K, used 59871K [0x0000000704600000, 0x0000000800000000)
  region size 2048K, 2 young (4096K), 2 survivors (4096K)
 Metaspace       used 76267K, committed 77440K, reserved 1179648K
  class space    used 10580K, committed 11072K, reserved 1048576K
}
Event: 6150.113 GC heap before
{Heap before GC invocations=103 (full 19):
 garbage-first heap   total 102400K, used 86495K [0x0000000704600000, 0x0000000800000000)
  region size 2048K, 16 young (32768K), 2 survivors (4096K)
 Metaspace       used 76408K, committed 77632K, reserved 1179648K
  class space    used 10616K, committed 11136K, reserved 1048576K
}
Event: 6150.119 GC heap after
{Heap after GC invocations=104 (full 19):
 garbage-first heap   total 102400K, used 60361K [0x0000000704600000, 0x0000000800000000)
  region size 2048K, 2 young (4096K), 2 survivors (4096K)
 Metaspace       used 76408K, committed 77632K, reserved 1179648K
  class space    used 10616K, committed 11136K, reserved 1048576K
}
Event: 6186.552 GC heap before
{Heap before GC invocations=104 (full 19):
 garbage-first heap   total 102400K, used 91081K [0x0000000704600000, 0x0000000800000000)
  region size 2048K, 17 young (34816K), 2 survivors (4096K)
 Metaspace       used 76667K, committed 77952K, reserved 1179648K
  class space    used 10651K, committed 11200K, reserved 1048576K
}
Event: 6186.559 GC heap after
{Heap after GC invocations=105 (full 19):
 garbage-first heap   total 122880K, used 64379K [0x0000000704600000, 0x0000000800000000)
  region size 2048K, 3 young (6144K), 3 survivors (6144K)
 Metaspace       used 76667K, committed 77952K, reserved 1179648K
  class space    used 10651K, committed 11200K, reserved 1048576K
}
Event: 6233.638 GC heap before
{Heap before GC invocations=106 (full 19):
 garbage-first heap   total 122880K, used 74619K [0x0000000704600000, 0x0000000800000000)
  region size 2048K, 9 young (18432K), 3 survivors (6144K)
 Metaspace       used 76651K, committed 77952K, reserved 1179648K
  class space    used 10647K, committed 11200K, reserved 1048576K
}
Event: 6233.682 GC heap after
{Heap after GC invocations=107 (full 20):
 garbage-first heap   total 122880K, used 33191K [0x0000000704600000, 0x0000000800000000)
  region size 2048K, 0 young (0K), 0 survivors (0K)
 Metaspace       used 76513K, committed 77952K, reserved 1179648K
  class space    used 10616K, committed 11200K, reserved 1048576K
}
Event: 6260.589 GC heap before
{Heap before GC invocations=107 (full 20):
 garbage-first heap   total 122880K, used 96679K [0x0000000704600000, 0x0000000800000000)
  region size 2048K, 32 young (65536K), 0 survivors (0K)
 Metaspace       used 76681K, committed 78016K, reserved 1179648K
  class space    used 10630K, committed 11200K, reserved 1048576K
}
Event: 6260.595 GC heap after
{Heap after GC invocations=108 (full 20):
 garbage-first heap   total 122880K, used 40288K [0x0000000704600000, 0x0000000800000000)
  region size 2048K, 4 young (8192K), 4 survivors (8192K)
 Metaspace       used 76681K, committed 78016K, reserved 1179648K
  class space    used 10630K, committed 11200K, reserved 1048576K
}
Event: 6338.546 GC heap before
{Heap before GC invocations=109 (full 20):
 garbage-first heap   total 122880K, used 56672K [0x0000000704600000, 0x0000000800000000)
  region size 2048K, 13 young (26624K), 4 survivors (8192K)
 Metaspace       used 76579K, committed 78016K, reserved 1179648K
  class space    used 10602K, committed 11200K, reserved 1048576K
}
Event: 6338.594 GC heap after
{Heap after GC invocations=110 (full 21):
 garbage-first heap   total 122880K, used 34069K [0x0000000704600000, 0x0000000800000000)
  region size 2048K, 0 young (0K), 0 survivors (0K)
 Metaspace       used 76579K, committed 78016K, reserved 1179648K
  class space    used 10602K, committed 11200K, reserved 1048576K
}
Event: 6365.255 GC heap before
{Heap before GC invocations=110 (full 21):
 garbage-first heap   total 122880K, used 93461K [0x0000000704600000, 0x0000000800000000)
  region size 2048K, 31 young (63488K), 0 survivors (0K)
 Metaspace       used 76744K, committed 78144K, reserved 1179648K
  class space    used 10615K, committed 11200K, reserved 1048576K
}

