# JRE version: OpenJDK Runtime Environment Temurin-21.0.8+9 (21.0.8+9) (build 21.0.8+9-LTS)
# Java VM: OpenJDK 64-Bit Server VM Temurin-21.0.8+9 (21.0.8+9-LTS, mixed mode, emulated-client, sharing, tiered, compressed oops, compressed class ptrs, g1 gc, windows-amd64)
GC Precious Log:
 CardTable entry size: 512
 Card Set container configuration: InlinePtr #cards 4 size 8 Array Of Cards #cards 16 size 48 Howl #buckets 8 coarsen threshold 3686 Howl Bitmap #cards 512 size 80 coarsen threshold 460 Card regions per heap region 1 cards per card region 4096
 CPUs: 8 total, 8 available
 Memory: 16101M
 Large Page Support: Disabled
 NUMA Support: Disabled
 Compressed Oops: Enabled (Zero based)
 Heap Region Size: 2M
 Heap Min Capacity: 8M
 Heap Initial Capacity: 252M
 Heap Max Capacity: 4026M
 Pre-touch: Disabled
 Parallel Workers: 8
 Concurrent Workers: 2
 Concurrent Refinement Workers: 8
 Periodic GC: Disabled
Heap:
 garbage-first heap   total 102400K, used 74500K [0x0000000704600000, 0x0000000800000000)
  region size 2048K, 23 young (47104K), 0 survivors (0K)
 Metaspace       used 90274K, committed 91584K, reserved 1179648K
  class space    used 12469K, committed 13056K, reserved 1048576K
GC Heap History (20 events):
Event: 27178.237 GC heap before
{Heap before GC invocations=133 (full 28):
 garbage-first heap   total 102400K, used 87294K [0x0000000704600000, 0x0000000800000000)
  region size 2048K, 29 young (59392K), 0 survivors (0K)
 Metaspace       used 89257K, committed 90560K, reserved 1179648K
  class space    used 12418K, committed 12992K, reserved 1048576K
}
Event: 27178.241 GC heap after
{Heap after GC invocations=134 (full 28):
 garbage-first heap   total 102400K, used 37240K [0x0000000704600000, 0x0000000800000000)
  region size 2048K, 4 young (8192K), 4 survivors (8192K)
 Metaspace       used 89257K, committed 90560K, reserved 1179648K
  class space    used 12418K, committed 12992K, reserved 1048576K
}
Event: 27212.596 GC heap before
{Heap before GC invocations=135 (full 28):
 garbage-first heap   total 102400K, used 47480K [0x0000000704600000, 0x0000000800000000)
  region size 2048K, 10 young (20480K), 4 survivors (8192K)
 Metaspace       used 89300K, committed 90624K, reserved 1179648K
  class space    used 12426K, committed 12992K, reserved 1048576K
}
Event: 27212.664 GC heap after
{Heap after GC invocations=136 (full 29):
 garbage-first heap   total 102400K, used 31115K [0x0000000704600000, 0x0000000800000000)
  region size 2048K, 0 young (0K), 0 survivors (0K)
 Metaspace       used 89196K, committed 90624K, reserved 1179648K
  class space    used 12401K, committed 12992K, reserved 1048576K
}
Event: 27213.570 GC heap before
{Heap before GC invocations=136 (full 29):
 garbage-first heap   total 102400K, used 84363K [0x0000000704600000, 0x0000000800000000)
  region size 2048K, 27 young (55296K), 0 survivors (0K)
 Metaspace       used 89449K, committed 90752K, reserved 1179648K
  class space    used 12421K, committed 12992K, reserved 1048576K
}
Event: 27213.574 GC heap after
{Heap after GC invocations=137 (full 29):
 garbage-first heap   total 102400K, used 36470K [0x0000000704600000, 0x0000000800000000)
  region size 2048K, 3 young (6144K), 3 survivors (6144K)
 Metaspace       used 89449K, committed 90752K, reserved 1179648K
  class space    used 12421K, committed 12992K, reserved 1048576K
}
Event: 27283.815 GC heap before
{Heap before GC invocations=138 (full 29):
 garbage-first heap   total 102400K, used 44662K [0x0000000704600000, 0x0000000800000000)
  region size 2048K, 8 young (16384K), 3 survivors (6144K)
 Metaspace       used 89452K, committed 90752K, reserved 1179648K
  class space    used 12421K, committed 12992K, reserved 1048576K
}
Event: 27283.869 GC heap after
{Heap after GC invocations=139 (full 30):
 garbage-first heap   total 102400K, used 31336K [0x0000000704600000, 0x0000000800000000)
  region size 2048K, 0 young (0K), 0 survivors (0K)
 Metaspace       used 89442K, committed 90752K, reserved 1179648K
  class space    used 12419K, committed 12992K, reserved 1048576K
}
Event: 27284.479 GC heap before
{Heap before GC invocations=139 (full 30):
 garbage-first heap   total 102400K, used 82536K [0x0000000704600000, 0x0000000800000000)
  region size 2048K, 26 young (53248K), 0 survivors (0K)
 Metaspace       used 89701K, committed 91008K, reserved 1179648K
  class space    used 12441K, committed 13056K, reserved 1048576K
}
Event: 27284.483 GC heap after
{Heap after GC invocations=140 (full 30):
 garbage-first heap   total 102400K, used 36304K [0x0000000704600000, 0x0000000800000000)
  region size 2048K, 3 young (6144K), 3 survivors (6144K)
 Metaspace       used 89701K, committed 91008K, reserved 1179648K
  class space    used 12441K, committed 13056K, reserved 1048576K
}
Event: 27302.386 GC heap before
{Heap before GC invocations=141 (full 30):
 garbage-first heap   total 102400K, used 44496K [0x0000000704600000, 0x0000000800000000)
  region size 2048K, 8 young (16384K), 3 survivors (6144K)
 Metaspace       used 89629K, committed 91008K, reserved 1179648K
  class space    used 12418K, committed 13056K, reserved 1048576K
}
Event: 27302.440 GC heap after
{Heap after GC invocations=142 (full 31):
 garbage-first heap   total 102400K, used 31154K [0x0000000704600000, 0x0000000800000000)
  region size 2048K, 0 young (0K), 0 survivors (0K)
 Metaspace       used 89595K, committed 91008K, reserved 1179648K
  class space    used 12413K, committed 13056K, reserved 1048576K
}
Event: 27303.076 GC heap before
{Heap before GC invocations=142 (full 31):
 garbage-first heap   total 102400K, used 82354K [0x0000000704600000, 0x0000000800000000)
  region size 2048K, 26 young (53248K), 0 survivors (0K)
 Metaspace       used 89859K, committed 91200K, reserved 1179648K
  class space    used 12435K, committed 13056K, reserved 1048576K
}
Event: 27303.080 GC heap after
{Heap after GC invocations=143 (full 31):
 garbage-first heap   total 102400K, used 36299K [0x0000000704600000, 0x0000000800000000)
  region size 2048K, 3 young (6144K), 3 survivors (6144K)
 Metaspace       used 89859K, committed 91200K, reserved 1179648K
  class space    used 12435K, committed 13056K, reserved 1048576K
}
Event: 27341.551 GC heap before
{Heap before GC invocations=144 (full 31):
 garbage-first heap   total 102400K, used 46539K [0x0000000704600000, 0x0000000800000000)
  region size 2048K, 9 young (18432K), 3 survivors (6144K)
 Metaspace       used 89862K, committed 91200K, reserved 1179648K
  class space    used 12435K, committed 13056K, reserved 1048576K
}
Event: 27341.600 GC heap after
{Heap after GC invocations=145 (full 32):
 garbage-first heap   total 102400K, used 31311K [0x0000000704600000, 0x0000000800000000)
  region size 2048K, 0 young (0K), 0 survivors (0K)
 Metaspace       used 89856K, committed 91200K, reserved 1179648K
  class space    used 12434K, committed 13056K, reserved 1048576K
}
Event: 27342.202 GC heap before
{Heap before GC invocations=145 (full 32):
 garbage-first heap   total 102400K, used 82511K [0x0000000704600000, 0x0000000800000000)
  region size 2048K, 26 young (53248K), 0 survivors (0K)
 Metaspace       used 90108K, committed 91392K, reserved 1179648K
  class space    used 12453K, committed 13056K, reserved 1048576K
}
Event: 27342.205 GC heap after
{Heap after GC invocations=146 (full 32):
 garbage-first heap   total 102400K, used 36435K [0x0000000704600000, 0x0000000800000000)
  region size 2048K, 3 young (6144K), 3 survivors (6144K)
 Metaspace       used 90108K, committed 91392K, reserved 1179648K
  class space    used 12453K, committed 13056K, reserved 1048576K
}
Event: 27397.094 GC heap before
{Heap before GC invocations=147 (full 32):
 garbage-first heap   total 102400K, used 46675K [0x0000000704600000, 0x0000000800000000)
  region size 2048K, 9 young (18432K), 3 survivors (6144K)
 Metaspace       used 90111K, committed 91392K, reserved 1179648K
  class space    used 12454K, committed 13056K, reserved 1048576K
}
Event: 27397.143 GC heap after
{Heap after GC invocations=148 (full 33):
 garbage-first heap   total 102400K, used 31492K [0x0000000704600000, 0x0000000800000000)
  region size 2048K, 0 young (0K), 0 survivors (0K)
 Metaspace       used 90104K, committed 91392K, reserved 1179648K
  class space    used 12453K, committed 13056K, reserved 1048576K
}

